Using pre-set license
Built from '2020.3/staging' branch; Version is '2020.3.20f1 (41c4e627c95f) revision 4310246'; Using compiler version '192528614'; Build Type 'Release'
OS: 'Windows 10 Home; OS build 22478.1012; Version 2009; 64bit' Language: 'en' Physical Memory: 16231 MB
BatchMode: 1, IsHumanControllingUs: 0, StartBugReporterOnCrash: 0, Is64bit: 1, IsPro: 0

COMMAND LINE ARGUMENTS:
C:\Program Files\2020.3.20f1\Editor\Unity.exe
-adb2
-batchMode
-noUpm
-name
AssetImportWorker0
-projectPath
D:/Documents/School/GraphicsProject/Mario Kart Wii - Mario Circuit 3
-logFile
Logs/AssetImportWorker0.log
-srvPort
28210
Successfully changed project path to: D:/Documents/School/GraphicsProject/Mario Kart Wii - Mario Circuit 3
D:/Documents/School/GraphicsProject/Mario Kart Wii - Mario Circuit 3
Using Asset Import Pipeline V2.
Refreshing native plugins compatible for Editor in 28.32 ms, found 2 plugins.
Preloading 0 native plugins for Editor in 0.00 ms.
Initialize engine version: 2020.3.20f1 (41c4e627c95f)
[Subsystems] Discovering subsystems at path C:/Program Files/2020.3.20f1/Editor/Data/Resources/UnitySubsystems
[Subsystems] Discovering subsystems at path D:/Documents/School/GraphicsProject/Mario Kart Wii - Mario Circuit 3/Assets
GfxDevice: creating device client; threaded=0
Direct3D:
    Version:  Direct3D 11.0 [level 11.1]
    Renderer: NVIDIA GeForce GTX 1660 Ti (ID=0x2191)
    Vendor:   
    VRAM:     5991 MB
    Driver:   30.0.14.7111
Initialize mono
Mono path[0] = 'C:/Program Files/2020.3.20f1/Editor/Data/Managed'
Mono path[1] = 'C:/Program Files/2020.3.20f1/Editor/Data/MonoBleedingEdge/lib/mono/unityjit'
Mono config path = 'C:/Program Files/2020.3.20f1/Editor/Data/MonoBleedingEdge/etc'
Using monoOptions --debugger-agent=transport=dt_socket,embedding=1,server=y,suspend=n,address=127.0.0.1:56188
Begin MonoManager ReloadAssembly
Registering precompiled unity dll's ...
Register platform support module: C:/Program Files/2020.3.20f1/Editor/Data/PlaybackEngines/WebGLSupport/UnityEditor.WebGL.Extensions.dll
Register platform support module: C:/Program Files/2020.3.20f1/Editor/Data/PlaybackEngines/MacStandaloneSupport/UnityEditor.OSXStandalone.Extensions.dll
Register platform support module: C:/Program Files/2020.3.20f1/Editor/Data/PlaybackEngines/WindowsStandaloneSupport/UnityEditor.WindowsStandalone.Extensions.dll
Register platform support module: C:/Program Files/2020.3.20f1/Editor/Data/PlaybackEngines/LinuxStandaloneSupport/UnityEditor.LinuxStandalone.Extensions.dll
Registered in 0.004628 seconds.
Native extension for LinuxStandalone target not found
Native extension for WindowsStandalone target not found
Native extension for OSXStandalone target not found
Native extension for WebGL target not found
Refreshing native plugins compatible for Editor in 26.08 ms, found 2 plugins.
Preloading 0 native plugins for Editor in 0.00 ms.
Mono: successfully reloaded assembly
- Completed reload, in  1.510 seconds
Domain Reload Profiling:
	ReloadAssembly (1510ms)
		BeginReloadAssembly (64ms)
			ExecutionOrderSort (0ms)
			DisableScriptedObjects (0ms)
			BackupInstance (0ms)
			ReleaseScriptingObjects (0ms)
			CreateAndSetChildDomain (1ms)
		EndReloadAssembly (406ms)
			LoadAssemblies (62ms)
			RebuildTransferFunctionScriptingTraits (0ms)
			SetupTypeCache (151ms)
			ReleaseScriptCaches (0ms)
			RebuildScriptCaches (31ms)
			SetupLoadedEditorAssemblies (149ms)
				LogAssemblyErrors (0ms)
				InitializePlatformSupportModulesInManaged (7ms)
				SetLoadedEditorAssemblies (0ms)
				RefreshPlugins (26ms)
				BeforeProcessingInitializeOnLoad (8ms)
				ProcessInitializeOnLoadAttributes (78ms)
				ProcessInitializeOnLoadMethodAttributes (29ms)
				AfterProcessingInitializeOnLoad (0ms)
				EditorAssembliesLoaded (0ms)
			ExecutionOrderSort2 (0ms)
			AwakeInstancesAfterBackupRestoration (0ms)
Platform modules already initialized, skipping
Registering precompiled user dll's ...
Registered in 0.002295 seconds.
Begin MonoManager ReloadAssembly
Native extension for LinuxStandalone target not found
Native extension for WindowsStandalone target not found
Native extension for OSXStandalone target not found
Native extension for WebGL target not found
Refreshing native plugins compatible for Editor in 0.39 ms, found 2 plugins.
Preloading 0 native plugins for Editor in 0.00 ms.
Mono: successfully reloaded assembly
- Completed reload, in  1.006 seconds
Domain Reload Profiling:
	ReloadAssembly (1007ms)
		BeginReloadAssembly (149ms)
			ExecutionOrderSort (0ms)
			DisableScriptedObjects (5ms)
			BackupInstance (0ms)
			ReleaseScriptingObjects (0ms)
			CreateAndSetChildDomain (18ms)
		EndReloadAssembly (795ms)
			LoadAssemblies (90ms)
			RebuildTransferFunctionScriptingTraits (0ms)
			SetupTypeCache (275ms)
			ReleaseScriptCaches (0ms)
			RebuildScriptCaches (40ms)
			SetupLoadedEditorAssemblies (310ms)
				LogAssemblyErrors (0ms)
				InitializePlatformSupportModulesInManaged (9ms)
				SetLoadedEditorAssemblies (1ms)
				RefreshPlugins (1ms)
				BeforeProcessingInitializeOnLoad (58ms)
				ProcessInitializeOnLoadAttributes (229ms)
				ProcessInitializeOnLoadMethodAttributes (4ms)
				AfterProcessingInitializeOnLoad (9ms)
				EditorAssembliesLoaded (0ms)
			ExecutionOrderSort2 (0ms)
			AwakeInstancesAfterBackupRestoration (7ms)
Platform modules already initialized, skipping
========================================================================
Worker process is ready to serve import requests
Launched and connected shader compiler UnityShaderCompiler.exe after 0.09 seconds
Refreshing native plugins compatible for Editor in 0.26 ms, found 2 plugins.
Preloading 0 native plugins for Editor in 0.00 ms.
Unloading 1399 Unused Serialized files (Serialized files now loaded: 0)
System memory in use before: 64.9 MB.
System memory in use after: 65.0 MB.

Unloading 16 unused Assets to reduce memory usage. Loaded Objects now: 1834.
Total: 4.166200 ms (FindLiveObjects: 0.155900 ms CreateObjectMapping: 0.056500 ms MarkObjects: 3.856300 ms  DeleteObjects: 0.096300 ms)

AssetImportParameters requested are different than current active one (requested -> active):
  custom:framework-win-MediaFoundation: 216162199b28c13a410421893ffa2e32 -> 
  custom:video-decoder-ogg-theora: a1e56fd34408186e4bbccfd4996cb3dc -> 
  custom:container-muxer-webm: aa71ff27fc2769a1b78a27578f13a17b -> 
  custom:container-demuxer-webm: 4f35f7cbe854078d1ac9338744f61a02 -> 
  custom:container-demuxer-ogg: 62fdf1f143b41e24485cea50d1cbac27 -> 
  custom:video-encoder-webm-vp8: eb34c28f22e8b96e1ab97ce403110664 -> 
  custom:video-decoder-webm-vp8: 9c59270c3fd7afecdb556c50c9e8de78 -> 
  custom:audio-decoder-ogg-vorbis: bf7c407c2cedff20999df2af8eb42d56 -> 
  custom:audio-encoder-webm-vorbis: bf7c407c2cedff20999df2af8eb42d56 -> 
========================================================================
Received Import Request.
  path: Assets
  artifactKey: Guid(00000000000000001000000000000000) Importer(815301076,1909f56bfc062723c751e8b465ee728b)
Start importing Assets using Guid(00000000000000001000000000000000) Importer(815301076,1909f56bfc062723c751e8b465ee728b)  -> (artifact id: '42d402b061de3733987d63b9cc3b64de') in 0.016618 seconds 
  Import took 0.018910 seconds .

========================================================================
Received Import Request.
  Time since last request: 6.297632 seconds.
  path: Assets/NewSurfaceShader.shader
  artifactKey: Guid(3b64a83dffd533f4591f4a118302bff7) Importer(815301076,1909f56bfc062723c751e8b465ee728b)
Start importing Assets/NewSurfaceShader.shader using Guid(3b64a83dffd533f4591f4a118302bff7) Importer(815301076,1909f56bfc062723c751e8b465ee728b)  -> (artifact id: 'd64d09dc3c1f18e238a51e8eaa9dbfc3') in 0.053894 seconds 
  Import took 0.056418 seconds .

========================================================================
Received Import Request.
  Time since last request: 98.122776 seconds.
  path: Assets/Red.mat
  artifactKey: Guid(0f1c715212539dd48968a1f4b0ee74a2) Importer(815301076,1909f56bfc062723c751e8b465ee728b)
Start importing Assets/Red.mat using Guid(0f1c715212539dd48968a1f4b0ee74a2) Importer(815301076,1909f56bfc062723c751e8b465ee728b)  -> (artifact id: 'aa2d2227d05fdcc2439a46cc92062161') in 0.099541 seconds 
  Import took 0.102080 seconds .

========================================================================
Received Import Request.
  Time since last request: 89.310821 seconds.
  path: Assets/New Material.mat
  artifactKey: Guid(4955e58ecd7917d4999f23803a3ee9c4) Importer(815301076,1909f56bfc062723c751e8b465ee728b)
Start importing Assets/New Material.mat using Guid(4955e58ecd7917d4999f23803a3ee9c4) Importer(815301076,1909f56bfc062723c751e8b465ee728b)  -> (artifact id: '0199b3a9e7359799af28e4a764b921ac') in 0.018801 seconds 
  Import took 0.021537 seconds .

========================================================================
Received Import Request.
  Time since last request: 3.955873 seconds.
  path: Assets/Green.mat
  artifactKey: Guid(fc011fd583070e84ca5c6de5327658df) Importer(815301076,1909f56bfc062723c751e8b465ee728b)
Start importing Assets/Green.mat using Guid(fc011fd583070e84ca5c6de5327658df) Importer(815301076,1909f56bfc062723c751e8b465ee728b)  -> (artifact id: 'ab8d6e44fea3e11c4fb0971aea295f25') in 0.016803 seconds 
  Import took 0.019537 seconds .

========================================================================
Received Import Request.
  Time since last request: 5.848399 seconds.
  path: Assets/Blue.mat
  artifactKey: Guid(4955e58ecd7917d4999f23803a3ee9c4) Importer(815301076,1909f56bfc062723c751e8b465ee728b)
Start importing Assets/Blue.mat using Guid(4955e58ecd7917d4999f23803a3ee9c4) Importer(815301076,1909f56bfc062723c751e8b465ee728b)  -> (artifact id: 'f45742f604fce6130882981755c876f3') in 0.020532 seconds 
  Import took 0.022860 seconds .

========================================================================
Received Import Request.
  Time since last request: 53.403464 seconds.
  path: Assets/Yellow.mat
  artifactKey: Guid(5d69058dea3f6c2409c0390f19a5863a) Importer(815301076,1909f56bfc062723c751e8b465ee728b)
Start importing Assets/Yellow.mat using Guid(5d69058dea3f6c2409c0390f19a5863a) Importer(815301076,1909f56bfc062723c751e8b465ee728b)  -> (artifact id: 'eab042bf55d9bbec2ad1d9674bc4371f') in 0.018229 seconds 
  Import took 0.020560 seconds .

========================================================================
Received Import Request.
  Time since last request: 5426.597442 seconds.
  path: Assets/Blue.mat
  artifactKey: Guid(4955e58ecd7917d4999f23803a3ee9c4) Importer(815301076,1909f56bfc062723c751e8b465ee728b)
Start importing Assets/Blue.mat using Guid(4955e58ecd7917d4999f23803a3ee9c4) Importer(815301076,1909f56bfc062723c751e8b465ee728b)  -> (artifact id: '4a04c7cbad313161e4f1caa7da2b67fc') in 0.051815 seconds 
  Import took 0.059264 seconds .

========================================================================
Received Import Request.
  Time since last request: 0.000461 seconds.
  path: Assets/Green.mat
  artifactKey: Guid(fc011fd583070e84ca5c6de5327658df) Importer(815301076,1909f56bfc062723c751e8b465ee728b)
Start importing Assets/Green.mat using Guid(fc011fd583070e84ca5c6de5327658df) Importer(815301076,1909f56bfc062723c751e8b465ee728b)  -> (artifact id: '458ac6bc1c9c9998c0c921e35c5cdc10') in 0.020590 seconds 
  Import took 0.023642 seconds .

========================================================================
Received Import Request.
  Time since last request: 0.000461 seconds.
  path: Assets/Yellow.mat
  artifactKey: Guid(5d69058dea3f6c2409c0390f19a5863a) Importer(815301076,1909f56bfc062723c751e8b465ee728b)
Start importing Assets/Yellow.mat using Guid(5d69058dea3f6c2409c0390f19a5863a) Importer(815301076,1909f56bfc062723c751e8b465ee728b)  -> (artifact id: '36f5133d7ef63271681aaf7d59eca2b7') in 0.022752 seconds 
  Import took 0.026687 seconds .

========================================================================
Received Import Request.
  Time since last request: 0.000658 seconds.
  path: Assets/Red.mat
  artifactKey: Guid(0f1c715212539dd48968a1f4b0ee74a2) Importer(815301076,1909f56bfc062723c751e8b465ee728b)
Start importing Assets/Red.mat using Guid(0f1c715212539dd48968a1f4b0ee74a2) Importer(815301076,1909f56bfc062723c751e8b465ee728b)  -> (artifact id: 'f334f0ee40b7a6dc70150df8c8fc817f') in 0.026052 seconds 
  Import took 0.029554 seconds .

AssetImportWorkerClient::OnTransportError - code=2 error=End of file
