Using pre-set license
Built from '2020.3/staging' branch; Version is '2020.3.22f1 (e1a7f79fd887) revision 14788599'; Using compiler version '192528614'; Build Type 'Release'
OS: 'Windows 10 Home Single Language; OS build 22000.282; Version 2009; 64bit' Language: 'en' Physical Memory: 7617 MB
BatchMode: 1, IsHumanControllingUs: 0, StartBugReporterOnCrash: 0, Is64bit: 1, IsPro: 0

COMMAND LINE ARGUMENTS:
C:\Program Files\Unity\Hub\Editor\2020.3.22f1\Editor\Unity.exe
-adb2
-batchMode
-noUpm
-name
AssetImportWorker0
-projectPath
C:/Users/ricar/Documents/Final Project/Mario Kart Wii - Mario Circuit 3
-logFile
Logs/AssetImportWorker0.log
-srvPort
54702
Successfully changed project path to: C:/Users/ricar/Documents/Final Project/Mario Kart Wii - Mario Circuit 3
C:/Users/ricar/Documents/Final Project/Mario Kart Wii - Mario Circuit 3
Using Asset Import Pipeline V2.
Refreshing native plugins compatible for Editor in 59.09 ms, found 2 plugins.
Preloading 0 native plugins for Editor in 0.00 ms.
Initialize engine version: 2020.3.22f1 (e1a7f79fd887)
[Subsystems] Discovering subsystems at path C:/Program Files/Unity/Hub/Editor/2020.3.22f1/Editor/Data/Resources/UnitySubsystems
[Subsystems] Discovering subsystems at path C:/Users/ricar/Documents/Final Project/Mario Kart Wii - Mario Circuit 3/Assets
GfxDevice: creating device client; threaded=0
Direct3D:
    Version:  Direct3D 11.0 [level 11.1]
    Renderer: NVIDIA GeForce GTX 1650 (ID=0x1f91)
    Vendor:   
    VRAM:     3962 MB
    Driver:   30.0.14.9649
Initialize mono
Mono path[0] = 'C:/Program Files/Unity/Hub/Editor/2020.3.22f1/Editor/Data/Managed'
Mono path[1] = 'C:/Program Files/Unity/Hub/Editor/2020.3.22f1/Editor/Data/MonoBleedingEdge/lib/mono/unityjit'
Mono config path = 'C:/Program Files/Unity/Hub/Editor/2020.3.22f1/Editor/Data/MonoBleedingEdge/etc'
Using monoOptions --debugger-agent=transport=dt_socket,embedding=1,server=y,suspend=n,address=127.0.0.1:56596
Begin MonoManager ReloadAssembly
Registering precompiled unity dll's ...
Register platform support module: C:/Program Files/Unity/Hub/Editor/2020.3.22f1/Editor/Data/PlaybackEngines/WebGLSupport/UnityEditor.WebGL.Extensions.dll
Register platform support module: C:/Program Files/Unity/Hub/Editor/2020.3.22f1/Editor/Data/PlaybackEngines/WindowsStandaloneSupport/UnityEditor.WindowsStandalone.Extensions.dll
Registered in 0.008275 seconds.
Native extension for WindowsStandalone target not found
Native extension for WebGL target not found
Refreshing native plugins compatible for Editor in 51.42 ms, found 2 plugins.
Preloading 0 native plugins for Editor in 0.00 ms.
Mono: successfully reloaded assembly
- Completed reload, in  2.836 seconds
Domain Reload Profiling:
	ReloadAssembly (2837ms)
		BeginReloadAssembly (91ms)
			ExecutionOrderSort (0ms)
			DisableScriptedObjects (0ms)
			BackupInstance (0ms)
			ReleaseScriptingObjects (0ms)
			CreateAndSetChildDomain (1ms)
		EndReloadAssembly (752ms)
			LoadAssemblies (89ms)
			RebuildTransferFunctionScriptingTraits (0ms)
			SetupTypeCache (250ms)
			ReleaseScriptCaches (0ms)
			RebuildScriptCaches (53ms)
			SetupLoadedEditorAssemblies (258ms)
				LogAssemblyErrors (0ms)
				InitializePlatformSupportModulesInManaged (7ms)
				SetLoadedEditorAssemblies (0ms)
				RefreshPlugins (52ms)
				BeforeProcessingInitializeOnLoad (21ms)
				ProcessInitializeOnLoadAttributes (125ms)
				ProcessInitializeOnLoadMethodAttributes (52ms)
				AfterProcessingInitializeOnLoad (0ms)
				EditorAssembliesLoaded (0ms)
			ExecutionOrderSort2 (0ms)
			AwakeInstancesAfterBackupRestoration (0ms)
Platform modules already initialized, skipping
Registering precompiled user dll's ...
Registered in 0.019338 seconds.
Begin MonoManager ReloadAssembly
Native extension for WindowsStandalone target not found
Native extension for WebGL target not found
Refreshing native plugins compatible for Editor in 0.61 ms, found 2 plugins.
Preloading 0 native plugins for Editor in 0.00 ms.
Mono: successfully reloaded assembly
- Completed reload, in  2.270 seconds
Domain Reload Profiling:
	ReloadAssembly (2271ms)
		BeginReloadAssembly (291ms)
			ExecutionOrderSort (0ms)
			DisableScriptedObjects (27ms)
			BackupInstance (0ms)
			ReleaseScriptingObjects (0ms)
			CreateAndSetChildDomain (40ms)
		EndReloadAssembly (1867ms)
			LoadAssemblies (180ms)
			RebuildTransferFunctionScriptingTraits (0ms)
			SetupTypeCache (853ms)
			ReleaseScriptCaches (1ms)
			RebuildScriptCaches (55ms)
			SetupLoadedEditorAssemblies (616ms)
				LogAssemblyErrors (0ms)
				InitializePlatformSupportModulesInManaged (10ms)
				SetLoadedEditorAssemblies (1ms)
				RefreshPlugins (1ms)
				BeforeProcessingInitializeOnLoad (126ms)
				ProcessInitializeOnLoadAttributes (399ms)
				ProcessInitializeOnLoadMethodAttributes (60ms)
				AfterProcessingInitializeOnLoad (19ms)
				EditorAssembliesLoaded (1ms)
			ExecutionOrderSort2 (0ms)
			AwakeInstancesAfterBackupRestoration (23ms)
Platform modules already initialized, skipping
========================================================================
Worker process is ready to serve import requests
Launched and connected shader compiler UnityShaderCompiler.exe after 0.11 seconds
Refreshing native plugins compatible for Editor in 2.10 ms, found 2 plugins.
Preloading 0 native plugins for Editor in 0.00 ms.
Unloading 1488 Unused Serialized files (Serialized files now loaded: 0)
System memory in use before: 67.2 MB.
System memory in use after: 67.3 MB.

Unloading 19 unused Assets to reduce memory usage. Loaded Objects now: 1920.
Total: 7.678800 ms (FindLiveObjects: 0.304400 ms CreateObjectMapping: 0.059100 ms MarkObjects: 7.144900 ms  DeleteObjects: 0.166800 ms)

AssetImportParameters requested are different than current active one (requested -> active):
  custom:framework-win-MediaFoundation: 216162199b28c13a410421893ffa2e32 -> 
  custom:video-decoder-ogg-theora: a1e56fd34408186e4bbccfd4996cb3dc -> 
  custom:container-muxer-webm: aa71ff27fc2769a1b78a27578f13a17b -> 
  custom:container-demuxer-webm: 4f35f7cbe854078d1ac9338744f61a02 -> 
  custom:container-demuxer-ogg: 62fdf1f143b41e24485cea50d1cbac27 -> 
  custom:video-encoder-webm-vp8: eb34c28f22e8b96e1ab97ce403110664 -> 
  custom:video-codec-MediaFoundation-h265: 746d11721c4dcdbdad8f713fa42b33f4 -> 
  custom:video-decoder-webm-vp8: 9c59270c3fd7afecdb556c50c9e8de78 -> 
  custom:audio-decoder-ogg-vorbis: bf7c407c2cedff20999df2af8eb42d56 -> 
  custom:audio-encoder-webm-vorbis: bf7c407c2cedff20999df2af8eb42d56 -> 
========================================================================
Received Import Request.
  path: Assets/Materials/Oil.mat
  artifactKey: Guid(b15cf8fae88ef1d47a096076200f0472) Importer(815301076,1909f56bfc062723c751e8b465ee728b)
Start importing Assets/Materials/Oil.mat using Guid(b15cf8fae88ef1d47a096076200f0472) Importer(815301076,1909f56bfc062723c751e8b465ee728b)  -> (artifact id: '7e2fd1340aa64137945ffe68da595bd2') in 0.206964 seconds 
  Import took 0.212218 seconds .

========================================================================
Received Import Request.
  Time since last request: 0.000736 seconds.
  path: Assets/Materials/Grass/Grass 27x2.mat
  artifactKey: Guid(17f60f4d044e3534b99ef4a7527aa43e) Importer(815301076,1909f56bfc062723c751e8b465ee728b)
Start importing Assets/Materials/Grass/Grass 27x2.mat using Guid(17f60f4d044e3534b99ef4a7527aa43e) Importer(815301076,1909f56bfc062723c751e8b465ee728b)  -> (artifact id: '9a0cde2374680184dbb4509331a672c5') in 0.123991 seconds 
  Import took 0.132504 seconds .

========================================================================
Received Import Request.
  Time since last request: 0.001051 seconds.
  path: Assets/Materials/Grass/Grass 4x3.mat
  artifactKey: Guid(64762ca3db2267145989e8617ab751ef) Importer(815301076,1909f56bfc062723c751e8b465ee728b)
Start importing Assets/Materials/Grass/Grass 4x3.mat using Guid(64762ca3db2267145989e8617ab751ef) Importer(815301076,1909f56bfc062723c751e8b465ee728b)  -> (artifact id: '943280e83f7e8f971b0ddeb6d430aff6') in 0.031272 seconds 
  Import took 0.039630 seconds .

========================================================================
Received Import Request.
  Time since last request: 0.001324 seconds.
  path: Assets/Materials/Grass/Grass 16x9.mat
  artifactKey: Guid(1558cf91b8ddf3f4b97733dcf71093b5) Importer(815301076,1909f56bfc062723c751e8b465ee728b)
Start importing Assets/Materials/Grass/Grass 16x9.mat using Guid(1558cf91b8ddf3f4b97733dcf71093b5) Importer(815301076,1909f56bfc062723c751e8b465ee728b)  -> (artifact id: '858b6656d80e8f6f470ff453d51c34c1') in 0.057638 seconds 
  Import took 0.065094 seconds .

========================================================================
Received Import Request.
  Time since last request: 0.000416 seconds.
  path: Assets/Materials/Grass/Grass 22x2.mat
  artifactKey: Guid(a921b52587ae8364ebea8de53afdda1a) Importer(815301076,1909f56bfc062723c751e8b465ee728b)
Start importing Assets/Materials/Grass/Grass 22x2.mat using Guid(a921b52587ae8364ebea8de53afdda1a) Importer(815301076,1909f56bfc062723c751e8b465ee728b)  -> (artifact id: '05be46b3024f32357f0b98da4ba491c3') in 0.027466 seconds 
  Import took 0.034777 seconds .

========================================================================
Received Import Request.
  Time since last request: 0.000652 seconds.
  path: Assets/Materials/Grass/Grass 18x13.mat
  artifactKey: Guid(cfd7f21f4ae97ab4ebacf08d8b0ad3da) Importer(815301076,1909f56bfc062723c751e8b465ee728b)
Start importing Assets/Materials/Grass/Grass 18x13.mat using Guid(cfd7f21f4ae97ab4ebacf08d8b0ad3da) Importer(815301076,1909f56bfc062723c751e8b465ee728b)  -> (artifact id: 'efa21707c588dd98a9f26afe9bc7d82a') in 0.048911 seconds 
  Import took 0.058384 seconds .

========================================================================
Received Import Request.
  Time since last request: 0.000612 seconds.
  path: Assets/Materials/Grass/Grass 26x5.mat
  artifactKey: Guid(ea858bdfb3f15a64abbe6ef3d539e0d8) Importer(815301076,1909f56bfc062723c751e8b465ee728b)
Start importing Assets/Materials/Grass/Grass 26x5.mat using Guid(ea858bdfb3f15a64abbe6ef3d539e0d8) Importer(815301076,1909f56bfc062723c751e8b465ee728b)  -> (artifact id: 'c74e2055123e281a2538adb86075d387') in 0.044413 seconds 
  Import took 0.050040 seconds .

========================================================================
Received Import Request.
  Time since last request: 0.000580 seconds.
  path: Assets/Materials/Grass/Grass 2x1.mat
  artifactKey: Guid(0100eb4036c02434186fac5cb3f71c2c) Importer(815301076,1909f56bfc062723c751e8b465ee728b)
Start importing Assets/Materials/Grass/Grass 2x1.mat using Guid(0100eb4036c02434186fac5cb3f71c2c) Importer(815301076,1909f56bfc062723c751e8b465ee728b)  -> (artifact id: 'e3430fb5301de7962a705a3d9219a132') in 0.035271 seconds 
  Import took 0.041117 seconds .

========================================================================
Received Import Request.
  Time since last request: 0.000374 seconds.
  path: Assets/Materials/Grass/Grass 5x2.mat
  artifactKey: Guid(7257e90a50d0eba4082df68a2991536e) Importer(815301076,1909f56bfc062723c751e8b465ee728b)
Start importing Assets/Materials/Grass/Grass 5x2.mat using Guid(7257e90a50d0eba4082df68a2991536e) Importer(815301076,1909f56bfc062723c751e8b465ee728b)  -> (artifact id: '240f521f549b09e7a51a815e56d41fd0') in 0.033014 seconds 
  Import took 0.037553 seconds .

========================================================================
Received Import Request.
  Time since last request: 0.000638 seconds.
  path: Assets/Materials/Grass/Grass 12x20.mat
  artifactKey: Guid(e95bf5a4a4ac18a498587d6ed157e826) Importer(815301076,1909f56bfc062723c751e8b465ee728b)
Start importing Assets/Materials/Grass/Grass 12x20.mat using Guid(e95bf5a4a4ac18a498587d6ed157e826) Importer(815301076,1909f56bfc062723c751e8b465ee728b)  -> (artifact id: 'd9bc270c3e9904a37dbbf17e590ddf6a') in 0.033785 seconds 
  Import took 0.038053 seconds .

========================================================================
Received Import Request.
  Time since last request: 0.001574 seconds.
  path: Assets/Materials/Grass/Grass 12x28.mat
  artifactKey: Guid(37ff992dc2621d942abad51d3b8d842c) Importer(815301076,1909f56bfc062723c751e8b465ee728b)
Start importing Assets/Materials/Grass/Grass 12x28.mat using Guid(37ff992dc2621d942abad51d3b8d842c) Importer(815301076,1909f56bfc062723c751e8b465ee728b)  -> (artifact id: 'b6fd902d5e2a0b51f639dbfd0de68bec') in 0.030975 seconds 
  Import took 0.035420 seconds .

========================================================================
Received Import Request.
  Time since last request: 0.000582 seconds.
  path: Assets/Materials/Grass/Grass 11x49.mat
  artifactKey: Guid(1da11b0003537ed48b614d472ab3ee7a) Importer(815301076,1909f56bfc062723c751e8b465ee728b)
Start importing Assets/Materials/Grass/Grass 11x49.mat using Guid(1da11b0003537ed48b614d472ab3ee7a) Importer(815301076,1909f56bfc062723c751e8b465ee728b)  -> (artifact id: '1b8004f84965261da0cb1672c5cc1710') in 0.030429 seconds 
  Import took 0.035325 seconds .

========================================================================
Received Import Request.
  Time since last request: 0.000340 seconds.
  path: Assets/Materials/Grass/Grass 21x1.mat
  artifactKey: Guid(cafa38ea37bef1043bbe7157871e77af) Importer(815301076,1909f56bfc062723c751e8b465ee728b)
Start importing Assets/Materials/Grass/Grass 21x1.mat using Guid(cafa38ea37bef1043bbe7157871e77af) Importer(815301076,1909f56bfc062723c751e8b465ee728b)  -> (artifact id: '7be0fcb3cb5b72056e64bb6ac815d27f') in 0.025362 seconds 
  Import took 0.030338 seconds .

========================================================================
Received Import Request.
  Time since last request: 0.000353 seconds.
  path: Assets/Materials/Grass/Grass 1x3.mat
  artifactKey: Guid(e6754c1015fcbe34f99b48f23a290e8b) Importer(815301076,1909f56bfc062723c751e8b465ee728b)
Start importing Assets/Materials/Grass/Grass 1x3.mat using Guid(e6754c1015fcbe34f99b48f23a290e8b) Importer(815301076,1909f56bfc062723c751e8b465ee728b)  -> (artifact id: 'e8a15d213670bba4da806064155dcefe') in 0.040621 seconds 
  Import took 0.045685 seconds .

========================================================================
Received Import Request.
  Time since last request: 0.001031 seconds.
  path: Assets/Materials/Grass/Grass 6x2.mat
  artifactKey: Guid(5b6a5f709efaea1448d36fc95d4cbae8) Importer(815301076,1909f56bfc062723c751e8b465ee728b)
Start importing Assets/Materials/Grass/Grass 6x2.mat using Guid(5b6a5f709efaea1448d36fc95d4cbae8) Importer(815301076,1909f56bfc062723c751e8b465ee728b)  -> (artifact id: 'b6bdbaea8964b5ec198cc5433739abe3') in 0.020889 seconds 
  Import took 0.026648 seconds .

========================================================================
Received Import Request.
  Time since last request: 5325.670511 seconds.
  path: Assets/Materials/Grass/Grass 25x6.mat
  artifactKey: Guid(d02d9fb5391c57849b907e360b2cd9f9) Importer(815301076,1909f56bfc062723c751e8b465ee728b)
Start importing Assets/Materials/Grass/Grass 25x6.mat using Guid(d02d9fb5391c57849b907e360b2cd9f9) Importer(815301076,1909f56bfc062723c751e8b465ee728b)  -> (artifact id: 'ca63f3f069ebb6480fc3c20404f2f7e9') in 0.285491 seconds 
  Import took 0.422942 seconds .

========================================================================
Received Import Request.
  Time since last request: 82.598287 seconds.
  path: Assets/Materials/Grass/Grass 25x6.mat
  artifactKey: Guid(d02d9fb5391c57849b907e360b2cd9f9) Importer(815301076,1909f56bfc062723c751e8b465ee728b)
Start importing Assets/Materials/Grass/Grass 25x6.mat using Guid(d02d9fb5391c57849b907e360b2cd9f9) Importer(815301076,1909f56bfc062723c751e8b465ee728b)  -> (artifact id: '2ba229e4f8d3f94414ff4b0a6b940dac') in 0.026730 seconds 
  Import took 0.032618 seconds .

========================================================================
Received Import Request.
  Time since last request: 32.475368 seconds.
  path: Assets/Materials/Grass/Grass 26x5.mat
  artifactKey: Guid(ea858bdfb3f15a64abbe6ef3d539e0d8) Importer(815301076,1909f56bfc062723c751e8b465ee728b)
Start importing Assets/Materials/Grass/Grass 26x5.mat using Guid(ea858bdfb3f15a64abbe6ef3d539e0d8) Importer(815301076,1909f56bfc062723c751e8b465ee728b)  -> (artifact id: '79ee293eccf1f16f4c8f0398103a1a06') in 0.023974 seconds 
  Import took 0.028484 seconds .

========================================================================
Received Import Request.
  Time since last request: 878.546145 seconds.
  path: Assets/Cartoon SportCar B01
  artifactKey: Guid(d4b2e1fa31f98904bbc394fcc32267e9) Importer(815301076,1909f56bfc062723c751e8b465ee728b)
Start importing Assets/Cartoon SportCar B01 using Guid(d4b2e1fa31f98904bbc394fcc32267e9) Importer(815301076,1909f56bfc062723c751e8b465ee728b)  -> (artifact id: '9cca0a67e5caf7ed5b8c94bb062ac0ca') in 0.005321 seconds 
  Import took 0.013642 seconds .

========================================================================
Received Import Request.
  Time since last request: 0.057276 seconds.
  path: Assets/Cartoon SportCar B01/Car-Toon_Read-me.jpg
  artifactKey: Guid(9d13e7f4509692a43aaa9f13907df6c9) Importer(815301076,1909f56bfc062723c751e8b465ee728b)
Start importing Assets/Cartoon SportCar B01/Car-Toon_Read-me.jpg using Guid(9d13e7f4509692a43aaa9f13907df6c9) Importer(815301076,1909f56bfc062723c751e8b465ee728b)  -> (artifact id: 'a1c3c02be492e2f1185caee29f07a5fc') in 0.323691 seconds 
  Import took 0.328080 seconds .

========================================================================
Received Import Request.
  Time since last request: 11.776152 seconds.
  path: Assets/Cartoon SportCar B01/Prefab_Car-Toon
  artifactKey: Guid(3e250debcf8c9e24ab44c24fe898ad6c) Importer(815301076,1909f56bfc062723c751e8b465ee728b)
Start importing Assets/Cartoon SportCar B01/Prefab_Car-Toon using Guid(3e250debcf8c9e24ab44c24fe898ad6c) Importer(815301076,1909f56bfc062723c751e8b465ee728b)  -> (artifact id: '10470c5154b02614a69c7ed730dc4985') in 0.003718 seconds 
  Import took 0.008782 seconds .

========================================================================
Received Import Request.
  Time since last request: 0.186523 seconds.
  path: Assets/Cartoon SportCar B01/Prefab_Car-Toon/Cartoon-SportCar_Unity_setup.prefab
  artifactKey: Guid(ffe00fa3bd41b9a4db665bf728e3c1e1) Importer(815301076,1909f56bfc062723c751e8b465ee728b)
Start importing Assets/Cartoon SportCar B01/Prefab_Car-Toon/Cartoon-SportCar_Unity_setup.prefab using Guid(ffe00fa3bd41b9a4db665bf728e3c1e1) Importer(815301076,1909f56bfc062723c751e8b465ee728b)  -> (artifact id: '1987f66c6e3f16cc97df2c496ec9b9e1') in 0.709936 seconds 
  Import took 0.722274 seconds .

========================================================================
Received Import Request.
  Time since last request: 0.000444 seconds.
  path: Assets/Cartoon SportCar B01/Prefab_Car-Toon/Cartoon_SportCar_B01.prefab
  artifactKey: Guid(271f6c29f65972d4492013b8893175b2) Importer(815301076,1909f56bfc062723c751e8b465ee728b)
Start importing Assets/Cartoon SportCar B01/Prefab_Car-Toon/Cartoon_SportCar_B01.prefab using Guid(271f6c29f65972d4492013b8893175b2) Importer(815301076,1909f56bfc062723c751e8b465ee728b)  -> (artifact id: '8a54324c36d68e07f650c2afcb308dd7') in 0.088769 seconds 
  Import took 0.096272 seconds .

========================================================================
Received Import Request.
  Time since last request: 7.385747 seconds.
  path: Assets/Cartoon SportCar B01/Standard Assets
  artifactKey: Guid(0896226437ee1c541af90e94667b8f0a) Importer(815301076,1909f56bfc062723c751e8b465ee728b)
Start importing Assets/Cartoon SportCar B01/Standard Assets using Guid(0896226437ee1c541af90e94667b8f0a) Importer(815301076,1909f56bfc062723c751e8b465ee728b)  -> (artifact id: '90c754b97ae30ac5c2f3128275e7bfb7') in 0.013284 seconds 
  Import took 0.017399 seconds .

========================================================================
Received Prepare
Registering precompiled user dll's ...
Registered in 0.012714 seconds.
Begin MonoManager ReloadAssembly
Native extension for WindowsStandalone target not found
Native extension for WebGL target not found
Refreshing native plugins compatible for Editor in 1.07 ms, found 2 plugins.
Preloading 0 native plugins for Editor in 0.00 ms.
Mono: successfully reloaded assembly
- Completed reload, in  1.964 seconds
Domain Reload Profiling:
	ReloadAssembly (1971ms)
		BeginReloadAssembly (468ms)
			ExecutionOrderSort (0ms)
			DisableScriptedObjects (38ms)
			BackupInstance (0ms)
			ReleaseScriptingObjects (0ms)
			CreateAndSetChildDomain (237ms)
		EndReloadAssembly (1396ms)
			LoadAssemblies (193ms)
			RebuildTransferFunctionScriptingTraits (0ms)
			SetupTypeCache (505ms)
			ReleaseScriptCaches (1ms)
			RebuildScriptCaches (65ms)
			SetupLoadedEditorAssemblies (458ms)
				LogAssemblyErrors (0ms)
				InitializePlatformSupportModulesInManaged (16ms)
				SetLoadedEditorAssemblies (2ms)
				RefreshPlugins (2ms)
				BeforeProcessingInitializeOnLoad (77ms)
				ProcessInitializeOnLoadAttributes (339ms)
				ProcessInitializeOnLoadMethodAttributes (10ms)
				AfterProcessingInitializeOnLoad (12ms)
				EditorAssembliesLoaded (0ms)
			ExecutionOrderSort2 (0ms)
			AwakeInstancesAfterBackupRestoration (8ms)
Platform modules already initialized, skipping
Refreshing native plugins compatible for Editor in 0.54 ms, found 2 plugins.
Preloading 0 native plugins for Editor in 0.00 ms.
Unloading 1482 Unused Serialized files (Serialized files now loaded: 0)
System memory in use before: 70.5 MB.
System memory in use after: 70.6 MB.

Unloading 14 unused Assets to reduce memory usage. Loaded Objects now: 1966.
Total: 14.820000 ms (FindLiveObjects: 2.675400 ms CreateObjectMapping: 0.322600 ms MarkObjects: 11.756500 ms  DeleteObjects: 0.057600 ms)

AssetImportParameters requested are different than current active one (requested -> active):
  custom:framework-win-MediaFoundation: 216162199b28c13a410421893ffa2e32 -> 
  custom:video-decoder-ogg-theora: a1e56fd34408186e4bbccfd4996cb3dc -> 
  custom:container-muxer-webm: aa71ff27fc2769a1b78a27578f13a17b -> 
  custom:container-demuxer-webm: 4f35f7cbe854078d1ac9338744f61a02 -> 
  custom:container-demuxer-ogg: 62fdf1f143b41e24485cea50d1cbac27 -> 
  custom:video-encoder-webm-vp8: eb34c28f22e8b96e1ab97ce403110664 -> 
  custom:video-codec-MediaFoundation-h265: 746d11721c4dcdbdad8f713fa42b33f4 -> 
  custom:video-decoder-webm-vp8: 9c59270c3fd7afecdb556c50c9e8de78 -> 
  custom:audio-decoder-ogg-vorbis: bf7c407c2cedff20999df2af8eb42d56 -> 
  custom:audio-encoder-webm-vorbis: bf7c407c2cedff20999df2af8eb42d56 -> 
========================================================================
Received Prepare
Registering precompiled user dll's ...
Registered in 0.013290 seconds.
Begin MonoManager ReloadAssembly
Native extension for WindowsStandalone target not found
Native extension for WebGL target not found
Refreshing native plugins compatible for Editor in 1.41 ms, found 2 plugins.
Preloading 0 native plugins for Editor in 0.00 ms.
Mono: successfully reloaded assembly
- Completed reload, in  1.899 seconds
Domain Reload Profiling:
	ReloadAssembly (1900ms)
		BeginReloadAssembly (217ms)
			ExecutionOrderSort (0ms)
			DisableScriptedObjects (7ms)
			BackupInstance (0ms)
			ReleaseScriptingObjects (1ms)
			CreateAndSetChildDomain (82ms)
		EndReloadAssembly (1580ms)
			LoadAssemblies (170ms)
			RebuildTransferFunctionScriptingTraits (0ms)
			SetupTypeCache (667ms)
			ReleaseScriptCaches (1ms)
			RebuildScriptCaches (58ms)
			SetupLoadedEditorAssemblies (524ms)
				LogAssemblyErrors (0ms)
				InitializePlatformSupportModulesInManaged (11ms)
				SetLoadedEditorAssemblies (1ms)
				RefreshPlugins (2ms)
				BeforeProcessingInitializeOnLoad (111ms)
				ProcessInitializeOnLoadAttributes (371ms)
				ProcessInitializeOnLoadMethodAttributes (17ms)
				AfterProcessingInitializeOnLoad (11ms)
				EditorAssembliesLoaded (1ms)
			ExecutionOrderSort2 (0ms)
			AwakeInstancesAfterBackupRestoration (11ms)
Platform modules already initialized, skipping
Refreshing native plugins compatible for Editor in 1.57 ms, found 2 plugins.
Preloading 0 native plugins for Editor in 0.00 ms.
Unloading 1485 Unused Serialized files (Serialized files now loaded: 0)
System memory in use before: 71.6 MB.
System memory in use after: 71.7 MB.

Unloading 14 unused Assets to reduce memory usage. Loaded Objects now: 1971.
Total: 7.367600 ms (FindLiveObjects: 0.259400 ms CreateObjectMapping: 0.056400 ms MarkObjects: 6.993100 ms  DeleteObjects: 0.056000 ms)

AssetImportParameters requested are different than current active one (requested -> active):
  custom:framework-win-MediaFoundation: 216162199b28c13a410421893ffa2e32 -> 
  custom:video-decoder-ogg-theora: a1e56fd34408186e4bbccfd4996cb3dc -> 
  custom:container-muxer-webm: aa71ff27fc2769a1b78a27578f13a17b -> 
  custom:container-demuxer-webm: 4f35f7cbe854078d1ac9338744f61a02 -> 
  custom:container-demuxer-ogg: 62fdf1f143b41e24485cea50d1cbac27 -> 
  custom:video-encoder-webm-vp8: eb34c28f22e8b96e1ab97ce403110664 -> 
  custom:video-codec-MediaFoundation-h265: 746d11721c4dcdbdad8f713fa42b33f4 -> 
  custom:video-decoder-webm-vp8: 9c59270c3fd7afecdb556c50c9e8de78 -> 
  custom:audio-decoder-ogg-vorbis: bf7c407c2cedff20999df2af8eb42d56 -> 
  custom:audio-encoder-webm-vorbis: bf7c407c2cedff20999df2af8eb42d56 -> 
========================================================================
Received Import Request.
  Time since last request: 609.392581 seconds.
  path: Assets/MST_Creator
  artifactKey: Guid(975ad8d3a3c9e304fa3e20f5bc8c5dfd) Importer(815301076,1909f56bfc062723c751e8b465ee728b)
Start importing Assets/MST_Creator using Guid(975ad8d3a3c9e304fa3e20f5bc8c5dfd) Importer(815301076,1909f56bfc062723c751e8b465ee728b)  -> (artifact id: '798e1aa900b2172632dafa3562d399e8') in 0.010062 seconds 
  Import took 0.021739 seconds .

========================================================================
Received Import Request.
  Time since last request: 9.094806 seconds.
  path: Assets/MST_Creator/Car Controller For Unity
  artifactKey: Guid(65a24b7ec5f30334aa6c4e2948b1710e) Importer(815301076,1909f56bfc062723c751e8b465ee728b)
Start importing Assets/MST_Creator/Car Controller For Unity using Guid(65a24b7ec5f30334aa6c4e2948b1710e) Importer(815301076,1909f56bfc062723c751e8b465ee728b)  -> (artifact id: '155f51bb13bf86d772e01c8e0d005e98') in 0.013647 seconds 
  Import took 0.018034 seconds .

========================================================================
Received Import Request.
  Time since last request: 1.746609 seconds.
  path: Assets/MST_Creator/Car Controller For Unity/Prefabs
  artifactKey: Guid(b79d7730c8d6d2143a232474a18f9de8) Importer(815301076,1909f56bfc062723c751e8b465ee728b)
Start importing Assets/MST_Creator/Car Controller For Unity/Prefabs using Guid(b79d7730c8d6d2143a232474a18f9de8) Importer(815301076,1909f56bfc062723c751e8b465ee728b)  -> (artifact id: '7a0cc09446a731ef627a20876a7326a6') in 0.010130 seconds 
  Import took 0.015441 seconds .

========================================================================
Received Import Request.
  Time since last request: 0.049042 seconds.
  path: Assets/MST_Creator/Car Controller For Unity/Prefabs/Low Poly Car 1.prefab
  artifactKey: Guid(699a0248b4036f64c88fd59f77bc7239) Importer(815301076,1909f56bfc062723c751e8b465ee728b)
Start importing Assets/MST_Creator/Car Controller For Unity/Prefabs/Low Poly Car 1.prefab using Guid(699a0248b4036f64c88fd59f77bc7239) Importer(815301076,1909f56bfc062723c751e8b465ee728b)  -> (artifact id: 'ca2c963737096c9c6739021d0ccaea20') in 0.397030 seconds 
  Import took 0.405088 seconds .

========================================================================
Received Prepare
Registering precompiled user dll's ...
Registered in 0.013260 seconds.
Begin MonoManager ReloadAssembly
Native extension for WindowsStandalone target not found
Native extension for WebGL target not found
Refreshing native plugins compatible for Editor in 0.74 ms, found 2 plugins.
Preloading 0 native plugins for Editor in 0.00 ms.
Mono: successfully reloaded assembly
- Completed reload, in  1.867 seconds
Domain Reload Profiling:
	ReloadAssembly (1871ms)
		BeginReloadAssembly (190ms)
			ExecutionOrderSort (0ms)
			DisableScriptedObjects (5ms)
			BackupInstance (0ms)
			ReleaseScriptingObjects (0ms)
			CreateAndSetChildDomain (58ms)
		EndReloadAssembly (1577ms)
			LoadAssemblies (151ms)
			RebuildTransferFunctionScriptingTraits (0ms)
			SetupTypeCache (460ms)
			ReleaseScriptCaches (1ms)
			RebuildScriptCaches (72ms)
			SetupLoadedEditorAssemblies (703ms)
				LogAssemblyErrors (0ms)
				InitializePlatformSupportModulesInManaged (17ms)
				SetLoadedEditorAssemblies (1ms)
				RefreshPlugins (1ms)
				BeforeProcessingInitializeOnLoad (140ms)
				ProcessInitializeOnLoadAttributes (517ms)
				ProcessInitializeOnLoadMethodAttributes (14ms)
				AfterProcessingInitializeOnLoad (13ms)
				EditorAssembliesLoaded (0ms)
			ExecutionOrderSort2 (0ms)
			AwakeInstancesAfterBackupRestoration (11ms)
Platform modules already initialized, skipping
Refreshing native plugins compatible for Editor in 0.69 ms, found 2 plugins.
Preloading 0 native plugins for Editor in 0.00 ms.
Unloading 1482 Unused Serialized files (Serialized files now loaded: 0)
System memory in use before: 71.6 MB.
System memory in use after: 71.7 MB.

Unloading 17 unused Assets to reduce memory usage. Loaded Objects now: 1971.
Total: 9.735600 ms (FindLiveObjects: 0.452600 ms CreateObjectMapping: 0.080800 ms MarkObjects: 9.153600 ms  DeleteObjects: 0.046100 ms)

AssetImportParameters requested are different than current active one (requested -> active):
  custom:framework-win-MediaFoundation: 216162199b28c13a410421893ffa2e32 -> 
  custom:video-decoder-ogg-theora: a1e56fd34408186e4bbccfd4996cb3dc -> 
  custom:container-muxer-webm: aa71ff27fc2769a1b78a27578f13a17b -> 
  custom:container-demuxer-webm: 4f35f7cbe854078d1ac9338744f61a02 -> 
  custom:container-demuxer-ogg: 62fdf1f143b41e24485cea50d1cbac27 -> 
  custom:video-encoder-webm-vp8: eb34c28f22e8b96e1ab97ce403110664 -> 
  custom:video-codec-MediaFoundation-h265: 746d11721c4dcdbdad8f713fa42b33f4 -> 
  custom:video-decoder-webm-vp8: 9c59270c3fd7afecdb556c50c9e8de78 -> 
  custom:audio-decoder-ogg-vorbis: bf7c407c2cedff20999df2af8eb42d56 -> 
  custom:audio-encoder-webm-vorbis: bf7c407c2cedff20999df2af8eb42d56 -> 
========================================================================
Received Prepare
Registering precompiled user dll's ...
Registered in 0.007942 seconds.
Begin MonoManager ReloadAssembly
Native extension for WindowsStandalone target not found
Native extension for WebGL target not found
Refreshing native plugins compatible for Editor in 0.49 ms, found 2 plugins.
Preloading 0 native plugins for Editor in 0.00 ms.
Mono: successfully reloaded assembly
- Completed reload, in  1.757 seconds
Domain Reload Profiling:
	ReloadAssembly (1758ms)
		BeginReloadAssembly (261ms)
			ExecutionOrderSort (0ms)
			DisableScriptedObjects (7ms)
			BackupInstance (0ms)
			ReleaseScriptingObjects (0ms)
			CreateAndSetChildDomain (65ms)
		EndReloadAssembly (1333ms)
			LoadAssemblies (203ms)
			RebuildTransferFunctionScriptingTraits (0ms)
			SetupTypeCache (481ms)
			ReleaseScriptCaches (1ms)
			RebuildScriptCaches (59ms)
			SetupLoadedEditorAssemblies (482ms)
				LogAssemblyErrors (0ms)
				InitializePlatformSupportModulesInManaged (10ms)
				SetLoadedEditorAssemblies (1ms)
				RefreshPlugins (1ms)
				BeforeProcessingInitializeOnLoad (91ms)
				ProcessInitializeOnLoadAttributes (351ms)
				ProcessInitializeOnLoadMethodAttributes (17ms)
				AfterProcessingInitializeOnLoad (12ms)
				EditorAssembliesLoaded (0ms)
			ExecutionOrderSort2 (0ms)
			AwakeInstancesAfterBackupRestoration (12ms)
Platform modules already initialized, skipping
Refreshing native plugins compatible for Editor in 0.71 ms, found 2 plugins.
Preloading 0 native plugins for Editor in 0.00 ms.
Unloading 1482 Unused Serialized files (Serialized files now loaded: 0)
System memory in use before: 71.6 MB.
System memory in use after: 71.7 MB.

Unloading 14 unused Assets to reduce memory usage. Loaded Objects now: 1973.
Total: 6.215800 ms (FindLiveObjects: 0.303100 ms CreateObjectMapping: 0.069200 ms MarkObjects: 5.804500 ms  DeleteObjects: 0.037200 ms)

AssetImportParameters requested are different than current active one (requested -> active):
  custom:framework-win-MediaFoundation: 216162199b28c13a410421893ffa2e32 -> 
  custom:video-decoder-ogg-theora: a1e56fd34408186e4bbccfd4996cb3dc -> 
  custom:container-muxer-webm: aa71ff27fc2769a1b78a27578f13a17b -> 
  custom:container-demuxer-webm: 4f35f7cbe854078d1ac9338744f61a02 -> 
  custom:container-demuxer-ogg: 62fdf1f143b41e24485cea50d1cbac27 -> 
  custom:video-encoder-webm-vp8: eb34c28f22e8b96e1ab97ce403110664 -> 
  custom:video-codec-MediaFoundation-h265: 746d11721c4dcdbdad8f713fa42b33f4 -> 
  custom:video-decoder-webm-vp8: 9c59270c3fd7afecdb556c50c9e8de78 -> 
  custom:audio-decoder-ogg-vorbis: bf7c407c2cedff20999df2af8eb42d56 -> 
  custom:audio-encoder-webm-vorbis: bf7c407c2cedff20999df2af8eb42d56 -> 
AssetImportWorkerClient::OnTransportError - code=2 error=End of file
